<?xml version="1.0" encoding="UTF-8"?>
<!-- Generated by org.testng.reporters.JUnitReportReporter -->
<testsuite hostname="USER-PC" name="sampleTest.runner" tests="1" failures="0" timestamp="31 Mar 2019 07:56:11 GMT" time="0.141" errors="0">
  <testcase name="feature" time="0.141" classname="sampleTest.runner"/>
</testsuite> <!-- sampleTest.runner -->
